2024-09-04 19:19:45,788 INFO o.a.j.u.JMeterUtils: Setting Locale to en_EN
2024-09-04 19:19:45,816 INFO o.a.j.JMeter: Loading user properties from: C:\Program Files\apache-jmeter-5.6.3\bin\user.properties
2024-09-04 19:19:45,817 INFO o.a.j.JMeter: Loading system properties from: C:\Program Files\apache-jmeter-5.6.3\bin\system.properties
2024-09-04 19:19:45,827 INFO o.a.j.JMeter: Copyright (c) 1998-2024 The Apache Software Foundation
2024-09-04 19:19:45,827 INFO o.a.j.JMeter: Version 5.6.3
2024-09-04 19:19:45,827 INFO o.a.j.JMeter: java.version=17.0.12
2024-09-04 19:19:45,827 INFO o.a.j.JMeter: java.vm.name=Java HotSpot(TM) 64-Bit Server VM
2024-09-04 19:19:45,827 INFO o.a.j.JMeter: os.name=Windows 10
2024-09-04 19:19:45,827 INFO o.a.j.JMeter: os.arch=amd64
2024-09-04 19:19:45,827 INFO o.a.j.JMeter: os.version=10.0
2024-09-04 19:19:45,827 INFO o.a.j.JMeter: file.encoding=Cp1252
2024-09-04 19:19:45,827 INFO o.a.j.JMeter: java.awt.headless=true
2024-09-04 19:19:45,828 INFO o.a.j.JMeter: Max memory     =1073741824
2024-09-04 19:19:45,828 INFO o.a.j.JMeter: Available Processors =12
2024-09-04 19:19:45,837 INFO o.a.j.JMeter: Default Locale=English (EN)
2024-09-04 19:19:45,838 INFO o.a.j.JMeter: JMeter  Locale=English (EN)
2024-09-04 19:19:45,838 INFO o.a.j.JMeter: JMeterHome=C:\Program Files\apache-jmeter-5.6.3
2024-09-04 19:19:45,838 INFO o.a.j.JMeter: user.dir  =C:\Users\Silva\OneDrive\Desktop\Project2\inventory_management
2024-09-04 19:19:45,838 INFO o.a.j.JMeter: PWD       =C:\Users\Silva\OneDrive\Desktop\Project2\inventory_management
2024-09-04 19:19:45,839 INFO o.a.j.JMeter: IP: 10.0.0.91 Name: Silva-Reynaldo FullName: host.docker.internal
2024-09-04 19:19:45,867 INFO o.a.j.s.FileServer: Default base='C:\Users\Silva\OneDrive\Desktop\Project2\inventory_management'
2024-09-04 19:19:45,869 INFO o.a.j.s.FileServer: Set new base='C:\Users\Silva\OneDrive\Desktop\Project2\inventory_management\..\..\jtest-results'
2024-09-04 19:19:46,104 INFO o.a.j.s.SaveService: Testplan (JMX) version: 2.2. Testlog (JTL) version: 2.2
2024-09-04 19:19:46,131 INFO o.a.j.s.SaveService: Using SaveService properties version 5.0
2024-09-04 19:19:46,134 INFO o.a.j.s.SaveService: Using SaveService properties file encoding UTF-8
2024-09-04 19:19:46,137 INFO o.a.j.s.SaveService: Loading file: ..\..\jtest-results\homeTest.jmx
2024-09-04 19:19:46,190 INFO o.a.j.p.h.s.HTTPSamplerBase: Parser for text/html is org.apache.jmeter.protocol.http.parser.LagartoBasedHtmlParser
2024-09-04 19:19:46,190 INFO o.a.j.p.h.s.HTTPSamplerBase: Parser for application/xhtml+xml is org.apache.jmeter.protocol.http.parser.LagartoBasedHtmlParser
2024-09-04 19:19:46,190 INFO o.a.j.p.h.s.HTTPSamplerBase: Parser for application/xml is org.apache.jmeter.protocol.http.parser.LagartoBasedHtmlParser
2024-09-04 19:19:46,190 INFO o.a.j.p.h.s.HTTPSamplerBase: Parser for text/xml is org.apache.jmeter.protocol.http.parser.LagartoBasedHtmlParser
2024-09-04 19:19:46,191 INFO o.a.j.p.h.s.HTTPSamplerBase: Parser for text/vnd.wap.wml is org.apache.jmeter.protocol.http.parser.RegexpHTMLParser
2024-09-04 19:19:46,191 INFO o.a.j.p.h.s.HTTPSamplerBase: Parser for text/css is org.apache.jmeter.protocol.http.parser.CssParser
2024-09-04 19:19:46,214 INFO o.a.j.JMeter: Creating summariser <summary>
2024-09-04 19:19:46,234 INFO o.a.j.e.StandardJMeterEngine: Running the test!
2024-09-04 19:19:46,236 INFO o.a.j.s.SampleEvent: List of sample_variables: []
2024-09-04 19:19:46,236 INFO o.a.j.s.SampleEvent: List of sample_variables: []
2024-09-04 19:19:46,251 INFO o.a.j.e.u.CompoundVariable: Note: Function class names must contain the string: '.functions.'
2024-09-04 19:19:46,251 INFO o.a.j.e.u.CompoundVariable: Note: Function class names must not contain the string: '.gui.'
2024-09-04 19:19:46,335 INFO o.a.j.JMeter: Running test (1725491986335)
2024-09-04 19:19:46,349 INFO o.a.j.e.StandardJMeterEngine: Starting ThreadGroup: 1 : Thread Group
2024-09-04 19:19:46,350 INFO o.a.j.e.StandardJMeterEngine: Starting 5 threads for group Thread Group.
2024-09-04 19:19:46,350 INFO o.a.j.e.StandardJMeterEngine: Thread will continue on error
2024-09-04 19:19:46,350 INFO o.a.j.t.ThreadGroup: Starting thread group... number=1 threads=5 ramp-up=1 delayedStart=false
2024-09-04 19:19:46,355 INFO o.a.j.t.ThreadGroup: Started thread group number 1
2024-09-04 19:19:46,356 INFO o.a.j.e.StandardJMeterEngine: All thread groups have been started
2024-09-04 19:19:46,356 INFO o.a.j.t.JMeterThread: Thread started: Thread Group 1-1
2024-09-04 19:19:46,372 INFO o.a.j.p.h.s.HTTPHCAbstractImpl: Local host = Silva-Reynaldo
2024-09-04 19:19:46,378 INFO o.a.j.p.h.s.HTTPHC4Impl: HTTP request retry count = 0
2024-09-04 19:19:46,379 INFO o.a.j.s.SampleResult: Note: Sample TimeStamps are START times
2024-09-04 19:19:46,379 INFO o.a.j.s.SampleResult: sampleresult.default.encoding is set to UTF-8
2024-09-04 19:19:46,380 INFO o.a.j.s.SampleResult: sampleresult.useNanoTime=true
2024-09-04 19:19:46,380 INFO o.a.j.s.SampleResult: sampleresult.nanoThreadSleep=5000
2024-09-04 19:19:46,554 INFO o.a.j.t.JMeterThread: Thread started: Thread Group 1-2
2024-09-04 19:19:46,732 INFO o.a.j.t.JMeterThread: Thread is done: Thread Group 1-1
2024-09-04 19:19:46,733 INFO o.a.j.t.JMeterThread: Thread finished: Thread Group 1-1
2024-09-04 19:19:46,738 INFO o.a.j.t.JMeterThread: Thread is done: Thread Group 1-2
2024-09-04 19:19:46,738 INFO o.a.j.t.JMeterThread: Thread finished: Thread Group 1-2
2024-09-04 19:19:46,754 INFO o.a.j.t.JMeterThread: Thread started: Thread Group 1-3
2024-09-04 19:19:46,920 INFO o.a.j.t.JMeterThread: Thread is done: Thread Group 1-3
2024-09-04 19:19:46,920 INFO o.a.j.t.JMeterThread: Thread finished: Thread Group 1-3
2024-09-04 19:19:46,953 INFO o.a.j.t.JMeterThread: Thread started: Thread Group 1-4
2024-09-04 19:19:47,127 INFO o.a.j.t.JMeterThread: Thread is done: Thread Group 1-4
2024-09-04 19:19:47,128 INFO o.a.j.t.JMeterThread: Thread finished: Thread Group 1-4
2024-09-04 19:19:47,154 INFO o.a.j.t.JMeterThread: Thread started: Thread Group 1-5
2024-09-04 19:19:47,313 INFO o.a.j.t.JMeterThread: Thread is done: Thread Group 1-5
2024-09-04 19:19:47,313 INFO o.a.j.t.JMeterThread: Thread finished: Thread Group 1-5
2024-09-04 19:19:47,314 INFO o.a.j.e.StandardJMeterEngine: Notifying test listeners of end of test
2024-09-04 19:19:47,317 INFO o.a.j.r.Summariser: summary =     10 in 00:00:01 =   10.2/s Avg:    92 Min:    51 Max:   204 Err:     0 (0.00%)
